{"D:\\User\\Ordering-System\\services\\iam\\src\\app.js": {"path":"D:\\User\\Ordering-System\\services\\iam\\src\\app.js","statementMap":{"0":{"start":{"line":1,"column":16},"end":{"line":1,"column":34}},"1":{"start":{"line":2,"column":13},"end":{"line":2,"column":28}},"2":{"start":{"line":3,"column":15},"end":{"line":3,"column":34}},"3":{"start":{"line":5,"column":12},"end":{"line":5,"column":21}},"4":{"start":{"line":6,"column":0},"end":{"line":6,"column":16}},"5":{"start":{"line":7,"column":0},"end":{"line":7,"column":24}},"6":{"start":{"line":9,"column":0},"end":{"line":9,"column":75}},"7":{"start":{"line":9,"column":31},"end":{"line":9,"column":73}},"8":{"start":{"line":10,"column":0},"end":{"line":10,"column":21}},"9":{"start":{"line":12,"column":0},"end":{"line":12,"column":68}},"10":{"start":{"line":12,"column":22},"end":{"line":12,"column":66}},"11":{"start":{"line":13,"column":0},"end":{"line":16,"column":3}},"12":{"start":{"line":14,"column":2},"end":{"line":14,"column":27}},"13":{"start":{"line":15,"column":2},"end":{"line":15,"column":59}},"14":{"start":{"line":18,"column":0},"end":{"line":18,"column":21}}},"fnMap":{"0":{"name":"(anonymous_0)","decl":{"start":{"line":9,"column":19},"end":{"line":9,"column":20}},"loc":{"start":{"line":9,"column":31},"end":{"line":9,"column":73}},"line":9},"1":{"name":"(anonymous_1)","decl":{"start":{"line":12,"column":8},"end":{"line":12,"column":9}},"loc":{"start":{"line":12,"column":22},"end":{"line":12,"column":66}},"line":12},"2":{"name":"(anonymous_2)","decl":{"start":{"line":13,"column":8},"end":{"line":13,"column":9}},"loc":{"start":{"line":13,"column":33},"end":{"line":16,"column":1}},"line":13}},"branchMap":{},"s":{"0":1,"1":1,"2":1,"3":1,"4":1,"5":1,"6":1,"7":0,"8":1,"9":1,"10":0,"11":1,"12":0,"13":0,"14":1},"f":{"0":0,"1":0,"2":0},"b":{},"_coverageSchema":"1a1c01bbd47fc00a2c39e90264f33305004495a9","hash":"a622b79e273715b5df0360ab4def6d09fbf62e6e"}
,"D:\\User\\Ordering-System\\services\\iam\\src\\controllers\\authController.js": {"path":"D:\\User\\Ordering-System\\services\\iam\\src\\controllers\\authController.js","statementMap":{"0":{"start":{"line":1,"column":15},"end":{"line":1,"column":34}},"1":{"start":{"line":2,"column":12},"end":{"line":2,"column":35}},"2":{"start":{"line":3,"column":13},"end":{"line":3,"column":34}},"3":{"start":{"line":5,"column":19},"end":{"line":5,"column":65}},"4":{"start":{"line":6,"column":23},"end":{"line":6,"column":58}},"5":{"start":{"line":9,"column":14},"end":{"line":38,"column":1}},"6":{"start":{"line":10,"column":30},"end":{"line":10,"column":38}},"7":{"start":{"line":11,"column":2},"end":{"line":12,"column":74}},"8":{"start":{"line":12,"column":4},"end":{"line":12,"column":74}},"9":{"start":{"line":14,"column":2},"end":{"line":37,"column":3}},"10":{"start":{"line":15,"column":19},"end":{"line":18,"column":5}},"11":{"start":{"line":19,"column":17},"end":{"line":19,"column":31}},"12":{"start":{"line":20,"column":4},"end":{"line":20,"column":77}},"13":{"start":{"line":20,"column":15},"end":{"line":20,"column":77}},"14":{"start":{"line":22,"column":18},"end":{"line":22,"column":68}},"15":{"start":{"line":23,"column":4},"end":{"line":23,"column":78}},"16":{"start":{"line":23,"column":16},"end":{"line":23,"column":78}},"17":{"start":{"line":25,"column":4},"end":{"line":25,"column":88}},"18":{"start":{"line":27,"column":18},"end":{"line":31,"column":5}},"19":{"start":{"line":33,"column":4},"end":{"line":33,"column":58}},"20":{"start":{"line":35,"column":4},"end":{"line":35,"column":23}},"21":{"start":{"line":36,"column":4},"end":{"line":36,"column":52}},"22":{"start":{"line":41,"column":20},"end":{"line":68,"column":1}},"23":{"start":{"line":42,"column":20},"end":{"line":42,"column":29}},"24":{"start":{"line":43,"column":2},"end":{"line":43,"column":71}},"25":{"start":{"line":43,"column":14},"end":{"line":43,"column":71}},"26":{"start":{"line":45,"column":2},"end":{"line":67,"column":3}},"27":{"start":{"line":46,"column":19},"end":{"line":50,"column":5}},"28":{"start":{"line":51,"column":4},"end":{"line":52,"column":73}},"29":{"start":{"line":52,"column":6},"end":{"line":52,"column":73}},"30":{"start":{"line":54,"column":34},"end":{"line":54,"column":48}},"31":{"start":{"line":55,"column":4},"end":{"line":61,"column":6}},"32":{"start":{"line":63,"column":4},"end":{"line":63,"column":56}},"33":{"start":{"line":65,"column":4},"end":{"line":65,"column":23}},"34":{"start":{"line":66,"column":4},"end":{"line":66,"column":59}},"35":{"start":{"line":70,"column":0},"end":{"line":70,"column":40}}},"fnMap":{"0":{"name":"(anonymous_0)","decl":{"start":{"line":9,"column":14},"end":{"line":9,"column":15}},"loc":{"start":{"line":9,"column":34},"end":{"line":38,"column":1}},"line":9},"1":{"name":"(anonymous_1)","decl":{"start":{"line":41,"column":20},"end":{"line":41,"column":21}},"loc":{"start":{"line":41,"column":40},"end":{"line":68,"column":1}},"line":41}},"branchMap":{"0":{"loc":{"start":{"line":5,"column":19},"end":{"line":5,"column":65}},"type":"binary-expr","locations":[{"start":{"line":5,"column":19},"end":{"line":5,"column":41}},{"start":{"line":5,"column":45},"end":{"line":5,"column":65}}],"line":5},"1":{"loc":{"start":{"line":6,"column":23},"end":{"line":6,"column":58}},"type":"binary-expr","locations":[{"start":{"line":6,"column":23},"end":{"line":6,"column":49}},{"start":{"line":6,"column":53},"end":{"line":6,"column":58}}],"line":6},"2":{"loc":{"start":{"line":11,"column":2},"end":{"line":12,"column":74}},"type":"if","locations":[{"start":{"line":11,"column":2},"end":{"line":12,"column":74}},{"start":{},"end":{}}],"line":11},"3":{"loc":{"start":{"line":11,"column":6},"end":{"line":11,"column":25}},"type":"binary-expr","locations":[{"start":{"line":11,"column":6},"end":{"line":11,"column":12}},{"start":{"line":11,"column":16},"end":{"line":11,"column":25}}],"line":11},"4":{"loc":{"start":{"line":20,"column":4},"end":{"line":20,"column":77}},"type":"if","locations":[{"start":{"line":20,"column":4},"end":{"line":20,"column":77}},{"start":{},"end":{}}],"line":20},"5":{"loc":{"start":{"line":23,"column":4},"end":{"line":23,"column":78}},"type":"if","locations":[{"start":{"line":23,"column":4},"end":{"line":23,"column":78}},{"start":{},"end":{}}],"line":23},"6":{"loc":{"start":{"line":43,"column":2},"end":{"line":43,"column":71}},"type":"if","locations":[{"start":{"line":43,"column":2},"end":{"line":43,"column":71}},{"start":{},"end":{}}],"line":43},"7":{"loc":{"start":{"line":51,"column":4},"end":{"line":52,"column":73}},"type":"if","locations":[{"start":{"line":51,"column":4},"end":{"line":52,"column":73}},{"start":{},"end":{}}],"line":51}},"s":{"0":1,"1":1,"2":1,"3":1,"4":1,"5":1,"6":0,"7":0,"8":0,"9":0,"10":0,"11":0,"12":0,"13":0,"14":0,"15":0,"16":0,"17":0,"18":0,"19":0,"20":0,"21":0,"22":1,"23":0,"24":0,"25":0,"26":0,"27":0,"28":0,"29":0,"30":0,"31":0,"32":0,"33":0,"34":0,"35":1},"f":{"0":0,"1":0},"b":{"0":[1,1],"1":[1,1],"2":[0,0],"3":[0,0],"4":[0,0],"5":[0,0],"6":[0,0],"7":[0,0]},"_coverageSchema":"1a1c01bbd47fc00a2c39e90264f33305004495a9","hash":"b670f4fd922602cbd4c5c95a401aec231cf126b7"}
,"D:\\User\\Ordering-System\\services\\iam\\src\\controllers\\employeeController.js": {"path":"D:\\User\\Ordering-System\\services\\iam\\src\\controllers\\employeeController.js","statementMap":{"0":{"start":{"line":1,"column":13},"end":{"line":1,"column":34}},"1":{"start":{"line":4,"column":23},"end":{"line":21,"column":1}},"2":{"start":{"line":5,"column":61},"end":{"line":5,"column":69}},"3":{"start":{"line":6,"column":2},"end":{"line":7,"column":77}},"4":{"start":{"line":7,"column":4},"end":{"line":7,"column":77}},"5":{"start":{"line":9,"column":2},"end":{"line":20,"column":3}},"6":{"start":{"line":10,"column":19},"end":{"line":14,"column":5}},"7":{"start":{"line":15,"column":4},"end":{"line":15,"column":41}},"8":{"start":{"line":17,"column":4},"end":{"line":17,"column":90}},"9":{"start":{"line":17,"column":30},"end":{"line":17,"column":90}},"10":{"start":{"line":18,"column":4},"end":{"line":18,"column":23}},"11":{"start":{"line":19,"column":4},"end":{"line":19,"column":65}},"12":{"start":{"line":24,"column":24},"end":{"line":35,"column":1}},"13":{"start":{"line":25,"column":2},"end":{"line":34,"column":3}},"14":{"start":{"line":26,"column":19},"end":{"line":29,"column":5}},"15":{"start":{"line":30,"column":4},"end":{"line":30,"column":26}},"16":{"start":{"line":32,"column":4},"end":{"line":32,"column":23}},"17":{"start":{"line":33,"column":4},"end":{"line":33,"column":65}},"18":{"start":{"line":38,"column":26},"end":{"line":51,"column":1}},"19":{"start":{"line":39,"column":21},"end":{"line":39,"column":31}},"20":{"start":{"line":40,"column":2},"end":{"line":50,"column":3}},"21":{"start":{"line":41,"column":19},"end":{"line":44,"column":5}},"22":{"start":{"line":45,"column":4},"end":{"line":45,"column":86}},"23":{"start":{"line":45,"column":25},"end":{"line":45,"column":86}},"24":{"start":{"line":46,"column":4},"end":{"line":46,"column":29}},"25":{"start":{"line":48,"column":4},"end":{"line":48,"column":23}},"26":{"start":{"line":49,"column":4},"end":{"line":49,"column":64}},"27":{"start":{"line":54,"column":23},"end":{"line":71,"column":1}},"28":{"start":{"line":55,"column":17},"end":{"line":55,"column":27}},"29":{"start":{"line":56,"column":38},"end":{"line":56,"column":46}},"30":{"start":{"line":57,"column":2},"end":{"line":70,"column":3}},"31":{"start":{"line":58,"column":19},"end":{"line":64,"column":5}},"32":{"start":{"line":65,"column":4},"end":{"line":65,"column":86}},"33":{"start":{"line":65,"column":25},"end":{"line":65,"column":86}},"34":{"start":{"line":66,"column":4},"end":{"line":66,"column":29}},"35":{"start":{"line":68,"column":4},"end":{"line":68,"column":23}},"36":{"start":{"line":69,"column":4},"end":{"line":69,"column":65}},"37":{"start":{"line":74,"column":20},"end":{"line":90,"column":1}},"38":{"start":{"line":75,"column":21},"end":{"line":75,"column":31}},"39":{"start":{"line":76,"column":27},"end":{"line":76,"column":35}},"40":{"start":{"line":77,"column":2},"end":{"line":77,"column":85}},"41":{"start":{"line":77,"column":21},"end":{"line":77,"column":85}},"42":{"start":{"line":79,"column":2},"end":{"line":89,"column":3}},"43":{"start":{"line":80,"column":19},"end":{"line":83,"column":5}},"44":{"start":{"line":84,"column":4},"end":{"line":84,"column":86}},"45":{"start":{"line":84,"column":25},"end":{"line":84,"column":86}},"46":{"start":{"line":85,"column":4},"end":{"line":85,"column":29}},"47":{"start":{"line":87,"column":4},"end":{"line":87,"column":23}},"48":{"start":{"line":88,"column":4},"end":{"line":88,"column":62}},"49":{"start":{"line":93,"column":23},"end":{"line":103,"column":1}},"50":{"start":{"line":94,"column":17},"end":{"line":94,"column":27}},"51":{"start":{"line":95,"column":2},"end":{"line":102,"column":3}},"52":{"start":{"line":96,"column":19},"end":{"line":96,"column":93}},"53":{"start":{"line":97,"column":4},"end":{"line":97,"column":86}},"54":{"start":{"line":97,"column":25},"end":{"line":97,"column":86}},"55":{"start":{"line":98,"column":4},"end":{"line":98,"column":46}},"56":{"start":{"line":100,"column":4},"end":{"line":100,"column":23}},"57":{"start":{"line":101,"column":4},"end":{"line":101,"column":65}},"58":{"start":{"line":105,"column":0},"end":{"line":105,"column":117}}},"fnMap":{"0":{"name":"(anonymous_0)","decl":{"start":{"line":4,"column":23},"end":{"line":4,"column":24}},"loc":{"start":{"line":4,"column":43},"end":{"line":21,"column":1}},"line":4},"1":{"name":"(anonymous_1)","decl":{"start":{"line":24,"column":24},"end":{"line":24,"column":25}},"loc":{"start":{"line":24,"column":44},"end":{"line":35,"column":1}},"line":24},"2":{"name":"(anonymous_2)","decl":{"start":{"line":38,"column":26},"end":{"line":38,"column":27}},"loc":{"start":{"line":38,"column":46},"end":{"line":51,"column":1}},"line":38},"3":{"name":"(anonymous_3)","decl":{"start":{"line":54,"column":23},"end":{"line":54,"column":24}},"loc":{"start":{"line":54,"column":43},"end":{"line":71,"column":1}},"line":54},"4":{"name":"(anonymous_4)","decl":{"start":{"line":74,"column":20},"end":{"line":74,"column":21}},"loc":{"start":{"line":74,"column":40},"end":{"line":90,"column":1}},"line":74},"5":{"name":"(anonymous_5)","decl":{"start":{"line":93,"column":23},"end":{"line":93,"column":24}},"loc":{"start":{"line":93,"column":43},"end":{"line":103,"column":1}},"line":93}},"branchMap":{"0":{"loc":{"start":{"line":6,"column":2},"end":{"line":7,"column":77}},"type":"if","locations":[{"start":{"line":6,"column":2},"end":{"line":7,"column":77}},{"start":{},"end":{}}],"line":6},"1":{"loc":{"start":{"line":6,"column":6},"end":{"line":6,"column":28}},"type":"binary-expr","locations":[{"start":{"line":6,"column":6},"end":{"line":6,"column":14}},{"start":{"line":6,"column":18},"end":{"line":6,"column":28}}],"line":6},"2":{"loc":{"start":{"line":17,"column":4},"end":{"line":17,"column":90}},"type":"if","locations":[{"start":{"line":17,"column":4},"end":{"line":17,"column":90}},{"start":{},"end":{}}],"line":17},"3":{"loc":{"start":{"line":45,"column":4},"end":{"line":45,"column":86}},"type":"if","locations":[{"start":{"line":45,"column":4},"end":{"line":45,"column":86}},{"start":{},"end":{}}],"line":45},"4":{"loc":{"start":{"line":65,"column":4},"end":{"line":65,"column":86}},"type":"if","locations":[{"start":{"line":65,"column":4},"end":{"line":65,"column":86}},{"start":{},"end":{}}],"line":65},"5":{"loc":{"start":{"line":77,"column":2},"end":{"line":77,"column":85}},"type":"if","locations":[{"start":{"line":77,"column":2},"end":{"line":77,"column":85}},{"start":{},"end":{}}],"line":77},"6":{"loc":{"start":{"line":84,"column":4},"end":{"line":84,"column":86}},"type":"if","locations":[{"start":{"line":84,"column":4},"end":{"line":84,"column":86}},{"start":{},"end":{}}],"line":84},"7":{"loc":{"start":{"line":97,"column":4},"end":{"line":97,"column":86}},"type":"if","locations":[{"start":{"line":97,"column":4},"end":{"line":97,"column":86}},{"start":{},"end":{}}],"line":97}},"s":{"0":1,"1":1,"2":0,"3":0,"4":0,"5":0,"6":0,"7":0,"8":0,"9":0,"10":0,"11":0,"12":1,"13":0,"14":0,"15":0,"16":0,"17":0,"18":1,"19":0,"20":0,"21":0,"22":0,"23":0,"24":0,"25":0,"26":0,"27":1,"28":0,"29":0,"30":0,"31":0,"32":0,"33":0,"34":0,"35":0,"36":0,"37":1,"38":0,"39":0,"40":0,"41":0,"42":0,"43":0,"44":0,"45":0,"46":0,"47":0,"48":0,"49":1,"50":0,"51":0,"52":0,"53":0,"54":0,"55":0,"56":0,"57":0,"58":1},"f":{"0":0,"1":0,"2":0,"3":0,"4":0,"5":0},"b":{"0":[0,0],"1":[0,0],"2":[0,0],"3":[0,0],"4":[0,0],"5":[0,0],"6":[0,0],"7":[0,0]},"_coverageSchema":"1a1c01bbd47fc00a2c39e90264f33305004495a9","hash":"6612b129ec71f71580aa2893eeebab552c2a3d3a"}
,"D:\\User\\Ordering-System\\services\\iam\\src\\controllers\\userController.js": {"path":"D:\\User\\Ordering-System\\services\\iam\\src\\controllers\\userController.js","statementMap":{"0":{"start":{"line":1,"column":15},"end":{"line":1,"column":34}},"1":{"start":{"line":2,"column":15},"end":{"line":2,"column":32}},"2":{"start":{"line":3,"column":13},"end":{"line":3,"column":34}},"3":{"start":{"line":4,"column":34},"end":{"line":4,"column":65}},"4":{"start":{"line":7,"column":19},"end":{"line":26,"column":1}},"5":{"start":{"line":8,"column":36},"end":{"line":8,"column":44}},"6":{"start":{"line":9,"column":2},"end":{"line":10,"column":77}},"7":{"start":{"line":10,"column":4},"end":{"line":10,"column":77}},"8":{"start":{"line":11,"column":2},"end":{"line":12,"column":59}},"9":{"start":{"line":12,"column":4},"end":{"line":12,"column":59}},"10":{"start":{"line":14,"column":2},"end":{"line":25,"column":3}},"11":{"start":{"line":15,"column":17},"end":{"line":15,"column":48}},"12":{"start":{"line":16,"column":19},"end":{"line":19,"column":5}},"13":{"start":{"line":20,"column":4},"end":{"line":20,"column":41}},"14":{"start":{"line":22,"column":4},"end":{"line":22,"column":93}},"15":{"start":{"line":22,"column":30},"end":{"line":22,"column":93}},"16":{"start":{"line":23,"column":4},"end":{"line":23,"column":23}},"17":{"start":{"line":24,"column":4},"end":{"line":24,"column":61}},"18":{"start":{"line":29,"column":20},"end":{"line":39,"column":1}},"19":{"start":{"line":30,"column":2},"end":{"line":38,"column":3}},"20":{"start":{"line":31,"column":19},"end":{"line":33,"column":5}},"21":{"start":{"line":34,"column":4},"end":{"line":34,"column":26}},"22":{"start":{"line":36,"column":4},"end":{"line":36,"column":23}},"23":{"start":{"line":37,"column":4},"end":{"line":37,"column":61}},"24":{"start":{"line":42,"column":20},"end":{"line":55,"column":1}},"25":{"start":{"line":43,"column":21},"end":{"line":43,"column":31}},"26":{"start":{"line":44,"column":2},"end":{"line":54,"column":3}},"27":{"start":{"line":45,"column":19},"end":{"line":48,"column":5}},"28":{"start":{"line":49,"column":4},"end":{"line":49,"column":82}},"29":{"start":{"line":49,"column":25},"end":{"line":49,"column":82}},"30":{"start":{"line":50,"column":4},"end":{"line":50,"column":29}},"31":{"start":{"line":52,"column":4},"end":{"line":52,"column":23}},"32":{"start":{"line":53,"column":4},"end":{"line":53,"column":60}},"33":{"start":{"line":58,"column":23},"end":{"line":78,"column":1}},"34":{"start":{"line":59,"column":21},"end":{"line":59,"column":31}},"35":{"start":{"line":60,"column":39},"end":{"line":60,"column":47}},"36":{"start":{"line":61,"column":2},"end":{"line":62,"column":83}},"37":{"start":{"line":62,"column":4},"end":{"line":62,"column":83}},"38":{"start":{"line":64,"column":2},"end":{"line":77,"column":3}},"39":{"start":{"line":65,"column":19},"end":{"line":65,"column":94}},"40":{"start":{"line":66,"column":4},"end":{"line":66,"column":82}},"41":{"start":{"line":66,"column":25},"end":{"line":66,"column":82}},"42":{"start":{"line":68,"column":18},"end":{"line":68,"column":81}},"43":{"start":{"line":69,"column":4},"end":{"line":69,"column":85}},"44":{"start":{"line":69,"column":16},"end":{"line":69,"column":85}},"45":{"start":{"line":71,"column":17},"end":{"line":71,"column":51}},"46":{"start":{"line":72,"column":4},"end":{"line":72,"column":90}},"47":{"start":{"line":73,"column":4},"end":{"line":73,"column":46}},"48":{"start":{"line":75,"column":4},"end":{"line":75,"column":23}},"49":{"start":{"line":76,"column":4},"end":{"line":76,"column":65}},"50":{"start":{"line":81,"column":27},"end":{"line":108,"column":1}},"51":{"start":{"line":82,"column":21},"end":{"line":82,"column":31}},"52":{"start":{"line":83,"column":23},"end":{"line":83,"column":31}},"53":{"start":{"line":84,"column":2},"end":{"line":84,"column":77}},"54":{"start":{"line":84,"column":17},"end":{"line":84,"column":77}},"55":{"start":{"line":86,"column":2},"end":{"line":107,"column":3}},"56":{"start":{"line":88,"column":21},"end":{"line":88,"column":90}},"57":{"start":{"line":89,"column":4},"end":{"line":90,"column":69}},"58":{"start":{"line":90,"column":6},"end":{"line":90,"column":69}},"59":{"start":{"line":92,"column":18},"end":{"line":92,"column":56}},"60":{"start":{"line":93,"column":20},"end":{"line":93,"column":57}},"61":{"start":{"line":95,"column":4},"end":{"line":100,"column":6}},"62":{"start":{"line":102,"column":4},"end":{"line":102,"column":49}},"63":{"start":{"line":103,"column":4},"end":{"line":103,"column":79}},"64":{"start":{"line":105,"column":4},"end":{"line":105,"column":23}},"65":{"start":{"line":106,"column":4},"end":{"line":106,"column":73}},"66":{"start":{"line":111,"column":19},"end":{"line":121,"column":1}},"67":{"start":{"line":112,"column":21},"end":{"line":112,"column":31}},"68":{"start":{"line":113,"column":2},"end":{"line":120,"column":3}},"69":{"start":{"line":114,"column":19},"end":{"line":114,"column":93}},"70":{"start":{"line":115,"column":4},"end":{"line":115,"column":82}},"71":{"start":{"line":115,"column":25},"end":{"line":115,"column":82}},"72":{"start":{"line":116,"column":4},"end":{"line":116,"column":42}},"73":{"start":{"line":118,"column":4},"end":{"line":118,"column":23}},"74":{"start":{"line":119,"column":4},"end":{"line":119,"column":61}},"75":{"start":{"line":123,"column":0},"end":{"line":123,"column":106}}},"fnMap":{"0":{"name":"(anonymous_0)","decl":{"start":{"line":7,"column":19},"end":{"line":7,"column":20}},"loc":{"start":{"line":7,"column":39},"end":{"line":26,"column":1}},"line":7},"1":{"name":"(anonymous_1)","decl":{"start":{"line":29,"column":20},"end":{"line":29,"column":21}},"loc":{"start":{"line":29,"column":40},"end":{"line":39,"column":1}},"line":29},"2":{"name":"(anonymous_2)","decl":{"start":{"line":42,"column":20},"end":{"line":42,"column":21}},"loc":{"start":{"line":42,"column":40},"end":{"line":55,"column":1}},"line":42},"3":{"name":"(anonymous_3)","decl":{"start":{"line":58,"column":23},"end":{"line":58,"column":24}},"loc":{"start":{"line":58,"column":43},"end":{"line":78,"column":1}},"line":58},"4":{"name":"(anonymous_4)","decl":{"start":{"line":81,"column":27},"end":{"line":81,"column":28}},"loc":{"start":{"line":81,"column":47},"end":{"line":108,"column":1}},"line":81},"5":{"name":"(anonymous_5)","decl":{"start":{"line":111,"column":19},"end":{"line":111,"column":20}},"loc":{"start":{"line":111,"column":39},"end":{"line":121,"column":1}},"line":111}},"branchMap":{"0":{"loc":{"start":{"line":9,"column":2},"end":{"line":10,"column":77}},"type":"if","locations":[{"start":{"line":9,"column":2},"end":{"line":10,"column":77}},{"start":{},"end":{}}],"line":9},"1":{"loc":{"start":{"line":9,"column":6},"end":{"line":9,"column":34}},"type":"binary-expr","locations":[{"start":{"line":9,"column":6},"end":{"line":9,"column":12}},{"start":{"line":9,"column":16},"end":{"line":9,"column":25}},{"start":{"line":9,"column":29},"end":{"line":9,"column":34}}],"line":9},"2":{"loc":{"start":{"line":11,"column":2},"end":{"line":12,"column":59}},"type":"if","locations":[{"start":{"line":11,"column":2},"end":{"line":12,"column":59}},{"start":{},"end":{}}],"line":11},"3":{"loc":{"start":{"line":22,"column":4},"end":{"line":22,"column":93}},"type":"if","locations":[{"start":{"line":22,"column":4},"end":{"line":22,"column":93}},{"start":{},"end":{}}],"line":22},"4":{"loc":{"start":{"line":49,"column":4},"end":{"line":49,"column":82}},"type":"if","locations":[{"start":{"line":49,"column":4},"end":{"line":49,"column":82}},{"start":{},"end":{}}],"line":49},"5":{"loc":{"start":{"line":61,"column":2},"end":{"line":62,"column":83}},"type":"if","locations":[{"start":{"line":61,"column":2},"end":{"line":62,"column":83}},{"start":{},"end":{}}],"line":61},"6":{"loc":{"start":{"line":61,"column":6},"end":{"line":61,"column":34}},"type":"binary-expr","locations":[{"start":{"line":61,"column":6},"end":{"line":61,"column":18}},{"start":{"line":61,"column":22},"end":{"line":61,"column":34}}],"line":61},"7":{"loc":{"start":{"line":66,"column":4},"end":{"line":66,"column":82}},"type":"if","locations":[{"start":{"line":66,"column":4},"end":{"line":66,"column":82}},{"start":{},"end":{}}],"line":66},"8":{"loc":{"start":{"line":69,"column":4},"end":{"line":69,"column":85}},"type":"if","locations":[{"start":{"line":69,"column":4},"end":{"line":69,"column":85}},{"start":{},"end":{}}],"line":69},"9":{"loc":{"start":{"line":84,"column":2},"end":{"line":84,"column":77}},"type":"if","locations":[{"start":{"line":84,"column":2},"end":{"line":84,"column":77}},{"start":{},"end":{}}],"line":84},"10":{"loc":{"start":{"line":89,"column":4},"end":{"line":90,"column":69}},"type":"if","locations":[{"start":{"line":89,"column":4},"end":{"line":90,"column":69}},{"start":{},"end":{}}],"line":89},"11":{"loc":{"start":{"line":115,"column":4},"end":{"line":115,"column":82}},"type":"if","locations":[{"start":{"line":115,"column":4},"end":{"line":115,"column":82}},{"start":{},"end":{}}],"line":115}},"s":{"0":1,"1":1,"2":1,"3":1,"4":1,"5":0,"6":0,"7":0,"8":0,"9":0,"10":0,"11":0,"12":0,"13":0,"14":0,"15":0,"16":0,"17":0,"18":1,"19":0,"20":0,"21":0,"22":0,"23":0,"24":1,"25":0,"26":0,"27":0,"28":0,"29":0,"30":0,"31":0,"32":0,"33":1,"34":0,"35":0,"36":0,"37":0,"38":0,"39":0,"40":0,"41":0,"42":0,"43":0,"44":0,"45":0,"46":0,"47":0,"48":0,"49":0,"50":1,"51":0,"52":0,"53":0,"54":0,"55":0,"56":0,"57":0,"58":0,"59":0,"60":0,"61":0,"62":0,"63":0,"64":0,"65":0,"66":1,"67":0,"68":0,"69":0,"70":0,"71":0,"72":0,"73":0,"74":0,"75":1},"f":{"0":0,"1":0,"2":0,"3":0,"4":0,"5":0},"b":{"0":[0,0],"1":[0,0,0],"2":[0,0],"3":[0,0],"4":[0,0],"5":[0,0],"6":[0,0],"7":[0,0],"8":[0,0],"9":[0,0],"10":[0,0],"11":[0,0]},"_coverageSchema":"1a1c01bbd47fc00a2c39e90264f33305004495a9","hash":"5b887357a19d7ea0306eb15068ee32069eef7f4a"}
,"D:\\User\\Ordering-System\\services\\iam\\src\\db\\pool.js": {"path":"D:\\User\\Ordering-System\\services\\iam\\src\\db\\pool.js","statementMap":{"0":{"start":{"line":1,"column":17},"end":{"line":1,"column":30}},"1":{"start":{"line":3,"column":13},"end":{"line":10,"column":2}},"2":{"start":{"line":12,"column":0},"end":{"line":15,"column":3}},"3":{"start":{"line":13,"column":2},"end":{"line":14,"column":56}},"4":{"start":{"line":13,"column":11},"end":{"line":13,"column":69}},"5":{"start":{"line":14,"column":9},"end":{"line":14,"column":43}},"6":{"start":{"line":14,"column":44},"end":{"line":14,"column":54}},"7":{"start":{"line":17,"column":0},"end":{"line":17,"column":22}}},"fnMap":{"0":{"name":"(anonymous_0)","decl":{"start":{"line":12,"column":13},"end":{"line":12,"column":14}},"loc":{"start":{"line":12,"column":39},"end":{"line":15,"column":1}},"line":12}},"branchMap":{"0":{"loc":{"start":{"line":4,"column":12},"end":{"line":4,"column":50}},"type":"binary-expr","locations":[{"start":{"line":4,"column":12},"end":{"line":4,"column":31}},{"start":{"line":4,"column":39},"end":{"line":4,"column":50}}],"line":4},"1":{"loc":{"start":{"line":5,"column":12},"end":{"line":5,"column":43}},"type":"binary-expr","locations":[{"start":{"line":5,"column":12},"end":{"line":5,"column":31}},{"start":{"line":5,"column":39},"end":{"line":5,"column":43}}],"line":5},"2":{"loc":{"start":{"line":6,"column":12},"end":{"line":6,"column":47}},"type":"binary-expr","locations":[{"start":{"line":6,"column":12},"end":{"line":6,"column":31}},{"start":{"line":6,"column":39},"end":{"line":6,"column":47}}],"line":6},"3":{"loc":{"start":{"line":7,"column":12},"end":{"line":7,"column":47}},"type":"binary-expr","locations":[{"start":{"line":7,"column":12},"end":{"line":7,"column":31}},{"start":{"line":7,"column":39},"end":{"line":7,"column":47}}],"line":7},"4":{"loc":{"start":{"line":8,"column":12},"end":{"line":8,"column":51}},"type":"binary-expr","locations":[{"start":{"line":8,"column":12},"end":{"line":8,"column":35}},{"start":{"line":8,"column":39},"end":{"line":8,"column":51}}],"line":8},"5":{"loc":{"start":{"line":9,"column":7},"end":{"line":9,"column":76}},"type":"cond-expr","locations":[{"start":{"line":9,"column":39},"end":{"line":9,"column":68}},{"start":{"line":9,"column":71},"end":{"line":9,"column":76}}],"line":9},"6":{"loc":{"start":{"line":13,"column":2},"end":{"line":14,"column":56}},"type":"if","locations":[{"start":{"line":13,"column":2},"end":{"line":14,"column":56}},{"start":{"line":14,"column":7},"end":{"line":14,"column":56}}],"line":13}},"s":{"0":1,"1":1,"2":1,"3":1,"4":1,"5":0,"6":0,"7":1},"f":{"0":1},"b":{"0":[1,1],"1":[1,1],"2":[1,1],"3":[1,1],"4":[1,1],"5":[0,1],"6":[1,0]},"_coverageSchema":"1a1c01bbd47fc00a2c39e90264f33305004495a9","hash":"59e3dc28af913694a81756c3c58c6e119d0297fe"}
,"D:\\User\\Ordering-System\\services\\iam\\src\\middleware\\auth.js": {"path":"D:\\User\\Ordering-System\\services\\iam\\src\\middleware\\auth.js","statementMap":{"0":{"start":{"line":13,"column":21},"end":{"line":33,"column":1}},"1":{"start":{"line":16,"column":17},"end":{"line":16,"column":37}},"2":{"start":{"line":17,"column":15},"end":{"line":17,"column":37}},"3":{"start":{"line":18,"column":16},"end":{"line":18,"column":39}},"4":{"start":{"line":21,"column":2},"end":{"line":23,"column":3}},"5":{"start":{"line":22,"column":4},"end":{"line":22,"column":84}},"6":{"start":{"line":26,"column":2},"end":{"line":30,"column":4}},"7":{"start":{"line":32,"column":2},"end":{"line":32,"column":9}},"8":{"start":{"line":37,"column":18},"end":{"line":43,"column":1}},"9":{"start":{"line":37,"column":32},"end":{"line":43,"column":1}},"10":{"start":{"line":38,"column":2},"end":{"line":38,"column":77}},"11":{"start":{"line":38,"column":17},"end":{"line":38,"column":77}},"12":{"start":{"line":39,"column":2},"end":{"line":41,"column":3}},"13":{"start":{"line":40,"column":4},"end":{"line":40,"column":75}},"14":{"start":{"line":42,"column":2},"end":{"line":42,"column":9}},"15":{"start":{"line":48,"column":20},"end":{"line":55,"column":1}},"16":{"start":{"line":49,"column":2},"end":{"line":49,"column":77}},"17":{"start":{"line":49,"column":17},"end":{"line":49,"column":77}},"18":{"start":{"line":50,"column":18},"end":{"line":50,"column":49}},"19":{"start":{"line":51,"column":2},"end":{"line":53,"column":3}},"20":{"start":{"line":52,"column":4},"end":{"line":52,"column":18}},"21":{"start":{"line":54,"column":2},"end":{"line":54,"column":73}},"22":{"start":{"line":57,"column":0},"end":{"line":57,"column":58}}},"fnMap":{"0":{"name":"(anonymous_0)","decl":{"start":{"line":13,"column":21},"end":{"line":13,"column":22}},"loc":{"start":{"line":13,"column":41},"end":{"line":33,"column":1}},"line":13},"1":{"name":"(anonymous_1)","decl":{"start":{"line":37,"column":18},"end":{"line":37,"column":19}},"loc":{"start":{"line":37,"column":32},"end":{"line":43,"column":1}},"line":37},"2":{"name":"(anonymous_2)","decl":{"start":{"line":37,"column":32},"end":{"line":37,"column":33}},"loc":{"start":{"line":37,"column":52},"end":{"line":43,"column":1}},"line":37},"3":{"name":"(anonymous_3)","decl":{"start":{"line":48,"column":20},"end":{"line":48,"column":21}},"loc":{"start":{"line":48,"column":40},"end":{"line":55,"column":1}},"line":48}},"branchMap":{"0":{"loc":{"start":{"line":21,"column":2},"end":{"line":23,"column":3}},"type":"if","locations":[{"start":{"line":21,"column":2},"end":{"line":23,"column":3}},{"start":{},"end":{}}],"line":21},"1":{"loc":{"start":{"line":21,"column":6},"end":{"line":21,"column":22}},"type":"binary-expr","locations":[{"start":{"line":21,"column":6},"end":{"line":21,"column":13}},{"start":{"line":21,"column":17},"end":{"line":21,"column":22}}],"line":21},"2":{"loc":{"start":{"line":38,"column":2},"end":{"line":38,"column":77}},"type":"if","locations":[{"start":{"line":38,"column":2},"end":{"line":38,"column":77}},{"start":{},"end":{}}],"line":38},"3":{"loc":{"start":{"line":39,"column":2},"end":{"line":41,"column":3}},"type":"if","locations":[{"start":{"line":39,"column":2},"end":{"line":41,"column":3}},{"start":{},"end":{}}],"line":39},"4":{"loc":{"start":{"line":49,"column":2},"end":{"line":49,"column":77}},"type":"if","locations":[{"start":{"line":49,"column":2},"end":{"line":49,"column":77}},{"start":{},"end":{}}],"line":49},"5":{"loc":{"start":{"line":51,"column":2},"end":{"line":53,"column":3}},"type":"if","locations":[{"start":{"line":51,"column":2},"end":{"line":53,"column":3}},{"start":{},"end":{}}],"line":51},"6":{"loc":{"start":{"line":51,"column":6},"end":{"line":51,"column":62}},"type":"binary-expr","locations":[{"start":{"line":51,"column":6},"end":{"line":51,"column":31}},{"start":{"line":51,"column":35},"end":{"line":51,"column":62}}],"line":51}},"s":{"0":1,"1":0,"2":0,"3":0,"4":0,"5":0,"6":0,"7":0,"8":1,"9":7,"10":0,"11":0,"12":0,"13":0,"14":0,"15":1,"16":0,"17":0,"18":0,"19":0,"20":0,"21":0,"22":1},"f":{"0":0,"1":7,"2":0,"3":0},"b":{"0":[0,0],"1":[0,0],"2":[0,0],"3":[0,0],"4":[0,0],"5":[0,0],"6":[0,0]},"_coverageSchema":"1a1c01bbd47fc00a2c39e90264f33305004495a9","hash":"59904bfaf0ab8d907e03873c6e8a1e7faa201ab6"}
,"D:\\User\\Ordering-System\\services\\iam\\src\\middleware\\mailer.js": {"path":"D:\\User\\Ordering-System\\services\\iam\\src\\middleware\\mailer.js","statementMap":{"0":{"start":{"line":1,"column":19},"end":{"line":1,"column":40}},"1":{"start":{"line":3,"column":20},"end":{"line":11,"column":2}},"2":{"start":{"line":13,"column":30},"end":{"line":25,"column":1}},"3":{"start":{"line":14,"column":20},"end":{"line":14,"column":82}},"4":{"start":{"line":15,"column":2},"end":{"line":24,"column":5}},"5":{"start":{"line":27,"column":0},"end":{"line":27,"column":43}}},"fnMap":{"0":{"name":"(anonymous_0)","decl":{"start":{"line":13,"column":30},"end":{"line":13,"column":31}},"loc":{"start":{"line":13,"column":56},"end":{"line":25,"column":1}},"line":13}},"branchMap":{"0":{"loc":{"start":{"line":4,"column":8},"end":{"line":4,"column":49}},"type":"binary-expr","locations":[{"start":{"line":4,"column":8},"end":{"line":4,"column":29}},{"start":{"line":4,"column":33},"end":{"line":4,"column":49}}],"line":4},"1":{"loc":{"start":{"line":5,"column":8},"end":{"line":5,"column":36}},"type":"binary-expr","locations":[{"start":{"line":5,"column":8},"end":{"line":5,"column":29}},{"start":{"line":5,"column":33},"end":{"line":5,"column":36}}],"line":5}},"s":{"0":1,"1":1,"2":1,"3":0,"4":0,"5":1},"f":{"0":0},"b":{"0":[1,1],"1":[1,1]},"_coverageSchema":"1a1c01bbd47fc00a2c39e90264f33305004495a9","hash":"ba0b00994c617690e0cf740dcdbfcca3c30d8bf4"}
,"D:\\User\\Ordering-System\\services\\iam\\src\\routes\\index.js": {"path":"D:\\User\\Ordering-System\\services\\iam\\src\\routes\\index.js","statementMap":{"0":{"start":{"line":1,"column":16},"end":{"line":1,"column":34}},"1":{"start":{"line":2,"column":31},"end":{"line":2,"column":71}},"2":{"start":{"line":6,"column":4},"end":{"line":6,"column":44}},"3":{"start":{"line":10,"column":4},"end":{"line":10,"column":48}},"4":{"start":{"line":11,"column":49},"end":{"line":11,"column":78}},"5":{"start":{"line":13,"column":15},"end":{"line":13,"column":31}},"6":{"start":{"line":16,"column":0},"end":{"line":16,"column":34}},"7":{"start":{"line":17,"column":0},"end":{"line":17,"column":46}},"8":{"start":{"line":20,"column":0},"end":{"line":20,"column":93}},"9":{"start":{"line":21,"column":0},"end":{"line":21,"column":94}},"10":{"start":{"line":22,"column":0},"end":{"line":22,"column":94}},"11":{"start":{"line":23,"column":0},"end":{"line":23,"column":97}},"12":{"start":{"line":24,"column":0},"end":{"line":24,"column":101}},"13":{"start":{"line":25,"column":0},"end":{"line":25,"column":93}},"14":{"start":{"line":28,"column":0},"end":{"line":28,"column":110}},"15":{"start":{"line":29,"column":0},"end":{"line":29,"column":111}},"16":{"start":{"line":30,"column":0},"end":{"line":30,"column":112}},"17":{"start":{"line":31,"column":0},"end":{"line":31,"column":110}},"18":{"start":{"line":32,"column":0},"end":{"line":32,"column":106}},"19":{"start":{"line":33,"column":0},"end":{"line":33,"column":110}},"20":{"start":{"line":35,"column":0},"end":{"line":35,"column":24}}},"fnMap":{},"branchMap":{},"s":{"0":1,"1":1,"2":1,"3":1,"4":1,"5":1,"6":1,"7":1,"8":1,"9":1,"10":1,"11":1,"12":1,"13":1,"14":1,"15":1,"16":1,"17":1,"18":1,"19":1,"20":1},"f":{},"b":{},"_coverageSchema":"1a1c01bbd47fc00a2c39e90264f33305004495a9","hash":"b22174e92cbb1ecfcd38436ed8775f09df786120"}
}
